d:\baiduyundownload\chesscenter\proj.win32\debug.win32\chesscenter.lib
d:\baiduyundownload\chesscenter\proj.win32\debug.win32\chesscenter.exp
d:\baiduyundownload\chesscenter\proj.win32\chesscenter.cab
d:\baiduyundownload\chesscenter\proj.win32\debug.win32\memorypool.obj
d:\baiduyundownload\chesscenter\proj.win32\debug.win32\packetbuffer.obj
d:\baiduyundownload\chesscenter\proj.win32\debug.win32\windowmanager.obj
d:\baiduyundownload\chesscenter\proj.win32\debug.win32\loginview.obj
d:\baiduyundownload\chesscenter\proj.win32\debug.win32\httpmanager.obj
d:\baiduyundownload\chesscenter\proj.win32\debug.win32\basewindow.obj
d:\baiduyundownload\chesscenter\proj.win32\debug.win32\languagemanager.obj
d:\baiduyundownload\chesscenter\proj.win32\debug.win32\loginstate.obj
d:\baiduyundownload\chesscenter\proj.win32\debug.win32\paigowlogic.obj
d:\baiduyundownload\chesscenter\proj.win32\debug.win32\lobbymanager.obj
d:\baiduyundownload\chesscenter\proj.win32\debug.win32\usermanager.obj
d:\baiduyundownload\chesscenter\proj.win32\debug.win32\gamestatemachine.obj
d:\baiduyundownload\chesscenter\proj.win32\debug.win32\packet.obj
d:\baiduyundownload\chesscenter\proj.win32\debug.win32\scenemanager.obj
d:\baiduyundownload\chesscenter\proj.win32\debug.win32\loginmanager.obj
d:\baiduyundownload\chesscenter\proj.win32\debug.win32\appdelegate.obj
d:\baiduyundownload\chesscenter\proj.win32\debug.win32\commonmessageview.obj
d:\baiduyundownload\chesscenter\proj.win32\debug.win32\roomjoinwindow.obj
d:\baiduyundownload\chesscenter\proj.win32\debug.win32\lobbystate.obj
d:\baiduyundownload\chesscenter\proj.win32\debug.win32\scene.obj
d:\baiduyundownload\chesscenter\proj.win32\debug.win32\agreementtipswindow.obj
d:\baiduyundownload\chesscenter\proj.win32\debug.win32\test.pb.obj
d:\baiduyundownload\chesscenter\proj.win32\debug.win32\socketmanager.obj
d:\baiduyundownload\chesscenter\proj.win32\debug.win32\lobbyview.obj
d:\baiduyundownload\chesscenter\proj.win32\debug.win32\main.obj
d:\baiduyundownload\chesscenter\proj.win32\debug.win32\addressbook.pb.obj
d:\baiduyundownload\chesscenter\proj.win32\debug.win32\protocol.obj
d:\baiduyundownload\chesscenter\proj.win32\debug.win32\baseui.obj
d:\baiduyundownload\chesscenter\proj.win32\debug.win32\roomcreatewindow.obj
d:\baiduyundownload\chesscenter\proj.win32\debug.win32\vc141.pdb
d:\baiduyundownload\chesscenter\proj.win32\debug.win32\chesscenter.ilk
d:\baiduyundownload\chesscenter\proj.win32\debug.win32\chesscenter.exe
d:\baiduyundownload\chesscenter\proj.win32\debug.win32\chesscenter.pdb
d:\baiduyundownload\chesscenter\proj.win32\debug.win32\game.res
d:\baiduyundownload\chesscenter\proj.win32\debug.win32\libcocos2d.exp
d:\baiduyundownload\chesscenter\proj.win32\debug.win32\vc141.idb
d:\baiduyundownload\chesscenter\proj.win32\debug.win32\libbox2d.pdb
d:\baiduyundownload\chesscenter\proj.win32\debug.win32\libbullet.pdb
d:\baiduyundownload\chesscenter\proj.win32\debug.win32\libcocos2d.pdb
d:\baiduyundownload\chesscenter\proj.win32\debug.win32\librecast.pdb
d:\baiduyundownload\chesscenter\proj.win32\debug.win32\libspine.pdb
d:\baiduyundownload\chesscenter\proj.win32\debug.win32\chesscenter.tlog\chesscenter.write.1u.tlog
d:\baiduyundownload\chesscenter\proj.win32\debug.win32\chesscenter.tlog\cl.command.1.tlog
d:\baiduyundownload\chesscenter\proj.win32\debug.win32\chesscenter.tlog\cl.read.1.tlog
d:\baiduyundownload\chesscenter\proj.win32\debug.win32\chesscenter.tlog\cl.write.1.tlog
d:\baiduyundownload\chesscenter\proj.win32\debug.win32\chesscenter.tlog\link.command.1.tlog
d:\baiduyundownload\chesscenter\proj.win32\debug.win32\chesscenter.tlog\link.read.1.tlog
d:\baiduyundownload\chesscenter\proj.win32\debug.win32\chesscenter.tlog\link.write.1.tlog
d:\baiduyundownload\chesscenter\proj.win32\debug.win32\chesscenter.tlog\rc.command.1.tlog
d:\baiduyundownload\chesscenter\proj.win32\debug.win32\chesscenter.tlog\rc.read.1.tlog
d:\baiduyundownload\chesscenter\proj.win32\debug.win32\chesscenter.tlog\rc.write.1.tlog
